_0 = plt.figure()
_0.suptitle('')
_1 = _0.gca()
_2 = [0.02608509572,]
_3 = [-0.04720923151,]
_1.plot(_2, _3, label='')
_4 = [0.03959959991,]
_5 = [0.03739873216,]
_1.plot(_4, _5, label='')
_6 = [0.01417463665,]
_7 = [-0.005170695222,]
_1.plot(_6, _7, label='')
_8 = plt.figure()
_8.suptitle('')
_9 = _8.gca()
_10 = [0.02608509572,]
_11 = [-0.04720923151,]
_9.plot(_10, _11, label='')
_12 = [0.02608509572,]
_13 = [-0.04720923151,]
_9.scatter(_12, _13, color='r')
_14 = [0.03959959991,]
_15 = [0.03739873216,]
_9.plot(_14, _15, label='')
_16 = [0.03959959991,]
_17 = [0.03739873216,]
_9.scatter(_16, _17, color='r')
_18 = [0.01417463665,]
_19 = [-0.005170695222,]
_9.plot(_18, _19, label='')
_20 = [0.01417463665,]
_21 = [-0.005170695222,]
_9.scatter(_20, _21, color='r')
