5.27905511969923 2.47798101119221
5.08011968862285 2.50880665135303
4.76003933445851 2.587264861069
4.7477721521027 2.57670799446168
4.75397359719756 2.4842775586612
4.72638850004156 2.39734475223731
4.70661389778211 2.1495318008781
4.65341642741734 2.12428049293043
4.61708412472845 2.05149266008677
4.61267807516451 1.99981161827663
4.63246909420359 1.91981379211233
4.6532435148901 1.85176616335586
4.69101902544141 1.80416624521467
4.7364468716647 1.78781420766901
4.74198839580645 1.76562243835728
4.74625389719491 1.76439705297019
4.74485940781969 1.76271400824327
4.74910024370535 1.78500531657932
4.75796059616476 1.77988953031048
4.75603292102694 1.76759624898366
4.7558419785316 1.76650892800043
4.75583421274519 1.76667602268966
4.75605278909368 1.76839655485603
4.7563340639967 1.77049082603179
4.75671943771346 1.77274785530568
4.75707869029208 1.77494881749849
4.75740399816129 1.77710559366347
4.75759490476187 1.77917493418288
4.75767615299076 1.7811640573815
4.75760677209626 1.782991274551
4.75745126881798 1.7846278812666
4.75720923792616 1.78597926305307
4.75695707492827 1.7870701014856
4.75668939037527 1.78783443021262
4.75646801344335 1.78839739774661
4.75626026840629 1.78867108145925
4.75612404980073 1.78888491016994
4.75598998346498 1.78884117027875
4.75594904020307 1.78882846816728
4.75588477625415 1.78864138354647
4.75590083544636 1.7884381505238
4.75592139680747 1.78820163612287
4.75599468459136 1.78796679913751
4.75610075031162 1.7877344962968
4.75624075110155 1.78752516949372
4.75640596009117 1.78734180954586
4.75658651690936 1.78719173538223
4.75677238521522 1.78707415554223
4.7569538379488 1.7869872697319
4.75712371019891 1.78692612036252
4.75727732444733 1.78688538197131
4.7574126777895 1.78685960650376
4.75752967149019 1.78684422564105
4.75762949387218 1.78683563745106
4.75771396638801 1.78683128110407
4.75778514576098 1.78682944301607
4.75784506280784 1.78682905942711
4.75789559599253 1.78682951113548
4.75793839756042 1.78683044894244
4.75797486273445 1.78683168539888
4.75800611491028 1.78683310728157
4.75803302010997 1.7868346425944
4.7580562162317 1.78683623585255
4.75807615843107 1.78683784316251
4.75809316885174 1.78683943193843
4.75810748327262 1.78684098084945
4.75811929122279 1.78684247912834
4.75812876781005 1.78684392508142
4.75813609613081 1.78684533025551
4.75814147270823 1.78684670639402
4.75814511294089 1.78684807089352
4.75814724306301 1.78684943601406
4.75814809151909 1.78685081489732
4.75814788123175 1.78685221184503
4.75814682038946 1.78685362911793
4.75814509784745 1.7868550626745
4.7581428795779 1.78685650800886
4.75814030665948 1.78685795528848
4.75813749850104 1.78685939647189
4.75813455083458 1.78686081922946
4.75813154162529 1.78686221592256
4.7581285312931 1.78686357746941
4.7581255661537 1.78686489530727
4.75812268072045 1.7868661658633
4.75811989978796 1.78686738235316
4.75811724087709 1.78686854170243
4.75811471403221 1.78686964331526
4.75811232597215 1.78687068466026
4.75811007914604 1.78687166513303
4.7581079726507 1.78687258651869
4.75810600413302 1.78687345052308
4.75810416929733 1.78687425675822
4.7581024633687 1.78687500862471
4.75810088006243 1.78687570795048
4.75809941332019 1.78687635811535
4.75809805625181 1.78687696144633
4.75809680244258 1.78687751967152
4.75809564548015 1.78687803453237
4.75809457890463 1.78687851175915
4.7580935963023 1.78687895197805
4.75809269195232 1.78687935742576
4.75809186015686 1.78687973134096
4.7580910953854 1.78688007611786
4.75809039302912 1.78688039205064
4.7580897477858 1.78688068347847
4.75808915554427 1.78688095049765
4.75808861241414 1.78688119612976
4.7580881138659 1.78688142149734
4.75808765703757 1.78688162893896
4.75808723804524 1.78688181839207
4.75808685410348 1.7868819935375
4.75808650223279 1.78688215310902
4.75808617998773 1.78688229876503
4.75808588496927 1.78688243275225
4.75808561458381 1.78688255614121
4.75808536725571 1.78688266855906
4.75808514041073 1.78688277211464
4.75808493309534 1.78688286651615
4.75808474334374 1.78688295253988
4.7580845695307 1.78688303210568
4.75808441083539 1.7868831036603
4.7580842653694 1.78688317060142
4.75808413197655 1.7868832315204
4.75808401041374 1.78688328686246
4.7580838989986 1.78688333740881
4.75808379717667 1.78688338365735
4.75808370400338 1.7868834264657
4.75808361862222 1.78688346567461
4.75808354059303 1.786883500905
4.7580834693495 1.78688353375963
4.75808340415025 1.78688356309299
4.75808334454434 1.78688359033204
4.75808328994806 1.78688361529489
4.75808324009858 1.78688363769516
4.75808319448976 1.78688365899504
4.75808315287958 1.78688367769149
4.75808311456211 1.78688369566854
4.75808307980483 1.78688371119779
4.75808304766043 1.78688372618319
4.7580830186656 1.78688373916433
4.75808299189673 1.78688375135438
