_0 = plt.figure()
_0.suptitle('')
_1 = _0.gca()
_2 = [5.235535833,5.281121151,]
_3 = [0.9773043011,0.8980922076,]
_1.scatter(_2, _3, color='r')
_4 = plt.figure()
_4.suptitle('')
_5 = _4.gca()
_6 = [0,]
_7 = [-75.94294327,]
_5.plot(_6, _7)
_8 = plt.figure()
_8.suptitle('')
_9 = _8.gca()
_10 = [5.235535833,5.281121151,5.31778773,]
_11 = [0.9773043011,0.8980922076,0.8286536117,]
_9.scatter(_10, _11, color='r')
_12 = plt.figure()
_12.suptitle('')
_13 = _12.gca()
_14 = [0,1,]
_15 = [-75.94294327,-75.93548201,]
_13.plot(_14, _15)
_16 = plt.figure()
_16.suptitle('')
_17 = _16.gca()
_18 = [5.235535833,5.281121151,5.31778773,5.347793534,]
_19 = [0.9773043011,0.8980922076,0.8286536117,0.7671882549,]
_17.scatter(_18, _19, color='r')
_20 = plt.figure()
_20.suptitle('')
_21 = _20.gca()
_22 = [0,1,2,]
_23 = [-75.94294327,-75.93548201,-75.92958402,]
_21.plot(_22, _23)
_24 = plt.figure()
_24.suptitle('')
_25 = _24.gca()
_26 = [5.235535833,5.281121151,5.31778773,5.347793534,5.372598545,]
_27 = [0.9773043011,0.8980922076,0.8286536117,0.7671882549,0.7123288827,]
_25.scatter(_26, _27, color='r')
_28 = plt.figure()
_28.suptitle('')
_29 = _28.gca()
_30 = [0,1,2,3,]
_31 = [-75.94294327,-75.93548201,-75.92958402,-75.92523036,]
_29.plot(_30, _31)
_32 = plt.figure()
_32.suptitle('')
_33 = _32.gca()
_34 = [5.235535833,5.281121151,5.31778773,5.347793534,5.372598545,5.393367078,]
_35 = [0.9773043011,0.8980922076,0.8286536117,0.7671882549,0.7123288827,0.6628364352,]
_33.scatter(_34, _35, color='r')
_36 = plt.figure()
_36.suptitle('')
_37 = _36.gca()
_38 = [0,1,2,3,4,]
_39 = [-75.94294327,-75.93548201,-75.92958402,-75.92523036,-75.92232612,]
_37.plot(_38, _39)
_40 = plt.figure()
_40.suptitle('')
_41 = _40.gca()
_42 = [5.235535833,5.281121151,5.31778773,5.347793534,5.372598545,5.393367078,5.41096064,]
_43 = [0.9773043011,0.8980922076,0.8286536117,0.7671882549,0.7123288827,0.6628364352,0.6176990937,]
_41.scatter(_42, _43, color='r')
_44 = plt.figure()
_44.suptitle('')
_45 = _44.gca()
_46 = [0,1,2,3,4,5,]
_47 = [-75.94294327,-75.93548201,-75.92958402,-75.92523036,-75.92232612,-75.92076292,]
_45.plot(_46, _47)
_48 = plt.figure()
_48.suptitle('')
_49 = _48.gca()
_50 = [5.235535833,5.281121151,5.31778773,5.347793534,5.372598545,5.393367078,5.41096064,5.426031084,]
_51 = [0.9773043011,0.8980922076,0.8286536117,0.7671882549,0.7123288827,0.6628364352,0.6176990937,0.576098396,]
_49.scatter(_50, _51, color='r')
_52 = plt.figure()
_52.suptitle('')
_53 = _52.gca()
_54 = [0,1,2,3,4,5,6,]
_55 = [-75.94294327,-75.93548201,-75.92958402,-75.92523036,-75.92232612,-75.92076292,-75.92043347,]
_53.plot(_54, _55)
_56 = plt.figure()
_56.suptitle('')
_57 = _56.gca()
_58 = [5.235535833,5.281121151,5.31778773,5.347793534,5.372598545,5.393367078,5.41096064,5.426031084,5.4390808,]
_59 = [0.9773043011,0.8980922076,0.8286536117,0.7671882549,0.7123288827,0.6628364352,0.6176990937,0.576098396,0.5373885089,]
_57.scatter(_58, _59, color='r')
_60 = plt.figure()
_60.suptitle('')
_61 = _60.gca()
_62 = [0,1,2,3,4,5,6,7,]
_63 = [-75.94294327,-75.93548201,-75.92958402,-75.92523036,-75.92232612,-75.92076292,-75.92043347,-75.92124389,]
_61.plot(_62, _63)
_64 = plt.figure()
_64.suptitle('')
_65 = _64.gca()
_66 = [5.235535833,5.281121151,5.31778773,5.347793534,5.372598545,5.393367078,5.41096064,5.426031084,5.4390808,5.450498483,]
_67 = [0.9773043011,0.8980922076,0.8286536117,0.7671882549,0.7123288827,0.6628364352,0.6176990937,0.576098396,0.5373885089,0.5010356965,]
_65.scatter(_66, _67, color='r')
_68 = plt.figure()
_68.suptitle('')
_69 = _68.gca()
_70 = [0,1,2,3,4,5,6,7,8,]
_71 = [-75.94294327,-75.93548201,-75.92958402,-75.92523036,-75.92232612,-75.92076292,-75.92043347,-75.92124389,-75.92310974,]
_69.plot(_70, _71)
_72 = plt.figure()
_72.suptitle('')
_73 = _72.gca()
_74 = [5.235535833,5.281121151,5.31778773,5.347793534,5.372598545,5.393367078,5.41096064,5.426031084,5.4390808,5.450498483,5.460584221,]
_75 = [0.9773043011,0.8980922076,0.8286536117,0.7671882549,0.7123288827,0.6628364352,0.6176990937,0.576098396,0.5373885089,0.5010356965,0.4665949554,]
_73.scatter(_74, _75, color='r')
_76 = plt.figure()
_76.suptitle('')
_77 = _76.gca()
_78 = [0,1,2,3,4,5,6,7,8,9,]
_79 = [-75.94294327,-75.93548201,-75.92958402,-75.92523036,-75.92232612,-75.92076292,-75.92043347,-75.92124389,-75.92310974,-75.92595066,]
_77.plot(_78, _79)
_80 = plt.figure()
_80.suptitle('')
_81 = _80.gca()
_82 = [5.235535833,5.281121151,5.31778773,5.347793534,5.372598545,5.393367078,5.41096064,5.426031084,5.4390808,5.450498483,5.460584221,5.469561797,]
_83 = [0.9773043011,0.8980922076,0.8286536117,0.7671882549,0.7123288827,0.6628364352,0.6176990937,0.576098396,0.5373885089,0.5010356965,0.4665949554,0.4336760541,]
_81.scatter(_82, _83, color='r')
_84 = plt.figure()
_84.suptitle('')
_85 = _84.gca()
_86 = [0,1,2,3,4,5,6,7,8,9,10,]
_87 = [-75.94294327,-75.93548201,-75.92958402,-75.92523036,-75.92232612,-75.92076292,-75.92043347,-75.92124389,-75.92310974,-75.92595066,-75.92968008,]
_85.plot(_86, _87)
_88 = plt.figure()
_88.suptitle('')
_89 = _88.gca()
_90 = [5.235535833,5.281121151,5.31778773,5.347793534,5.372598545,5.393367078,5.41096064,5.426031084,5.4390808,5.450498483,5.460584221,5.469561797,5.477594452,]
_91 = [0.9773043011,0.8980922076,0.8286536117,0.7671882549,0.7123288827,0.6628364352,0.6176990937,0.576098396,0.5373885089,0.5010356965,0.4665949554,0.4336760541,0.4019321701,]
_89.scatter(_90, _91, color='r')
_92 = plt.figure()
_92.suptitle('')
_93 = _92.gca()
_94 = [0,1,2,3,4,5,6,7,8,9,10,11,]
_95 = [-75.94294327,-75.93548201,-75.92958402,-75.92523036,-75.92232612,-75.92076292,-75.92043347,-75.92124389,-75.92310974,-75.92595066,-75.92968008,-75.93420056,]
_93.plot(_94, _95)
_96 = plt.figure()
_96.suptitle('')
_97 = _96.gca()
_98 = [5.235535833,5.281121151,5.31778773,5.347793534,5.372598545,5.393367078,5.41096064,5.426031084,5.4390808,5.450498483,5.460584221,5.469561797,5.477594452,5.484791653,]
_99 = [0.9773043011,0.8980922076,0.8286536117,0.7671882549,0.7123288827,0.6628364352,0.6176990937,0.576098396,0.5373885089,0.5010356965,0.4665949554,0.4336760541,0.4019321701,0.3710387551,]
_97.scatter(_98, _99, color='r')
_100 = plt.figure()
_100.suptitle('')
_101 = _100.gca()
_102 = [0,1,2,3,4,5,6,7,8,9,10,11,12,]
_103 = [-75.94294327,-75.93548201,-75.92958402,-75.92523036,-75.92232612,-75.92076292,-75.92043347,-75.92124389,-75.92310974,-75.92595066,-75.92968008,-75.93420056,-75.93938957,]
_101.plot(_102, _103)
_104 = plt.figure()
_104.suptitle('')
_105 = _104.gca()
_106 = [5.235535833,5.281121151,5.31778773,5.347793534,5.372598545,5.393367078,5.41096064,5.426031084,5.4390808,5.450498483,5.460584221,5.469561797,5.477594452,5.484791653,5.491225028,]
_107 = [0.9773043011,0.8980922076,0.8286536117,0.7671882549,0.7123288827,0.6628364352,0.6176990937,0.576098396,0.5373885089,0.5010356965,0.4665949554,0.4336760541,0.4019321701,0.3710387551,0.3407210305,]
_105.scatter(_106, _107, color='r')
_108 = plt.figure()
_108.suptitle('')
_109 = _108.gca()
_110 = [0,1,2,3,4,5,6,7,8,9,10,11,12,13,]
_111 = [-75.94294327,-75.93548201,-75.92958402,-75.92523036,-75.92232612,-75.92076292,-75.92043347,-75.92124389,-75.92310974,-75.92595066,-75.92968008,-75.93420056,-75.93938957,-75.94509024,]
_109.plot(_110, _111)
_112 = plt.figure()
_112.suptitle('')
_113 = _112.gca()
_114 = [5.235535833,5.281121151,5.31778773,5.347793534,5.372598545,5.393367078,5.41096064,5.426031084,5.4390808,5.450498483,5.460584221,5.469561797,5.477594452,5.484791653,5.491225028,5.496939281,]
_115 = [0.9773043011,0.8980922076,0.8286536117,0.7671882549,0.7123288827,0.6628364352,0.6176990937,0.576098396,0.5373885089,0.5010356965,0.4665949554,0.4336760541,0.4019321701,0.3710387551,0.3407210305,0.3106989414,]
_113.scatter(_114, _115, color='r')
_116 = plt.figure()
_116.suptitle('')
_117 = _116.gca()
_118 = [0,1,2,3,4,5,6,7,8,9,10,11,12,13,14,]
_119 = [-75.94294327,-75.93548201,-75.92958402,-75.92523036,-75.92232612,-75.92076292,-75.92043347,-75.92124389,-75.92310974,-75.92595066,-75.92968008,-75.93420056,-75.93938957,-75.94509024,-75.95110429,]
_117.plot(_118, _119)
_120 = plt.figure()
_120.suptitle('')
_121 = _120.gca()
_122 = [5.235535833,5.281121151,5.31778773,5.347793534,5.372598545,5.393367078,5.41096064,5.426031084,5.4390808,5.450498483,5.460584221,5.469561797,5.477594452,5.484791653,5.491225028,5.496939281,5.50199853,]
_123 = [0.9773043011,0.8980922076,0.8286536117,0.7671882549,0.7123288827,0.6628364352,0.6176990937,0.576098396,0.5373885089,0.5010356965,0.4665949554,0.4336760541,0.4019321701,0.3710387551,0.3407210305,0.3106989414,0.2807392283,]
_121.scatter(_122, _123, color='r')
_124 = plt.figure()
_124.suptitle('')
_125 = _124.gca()
_126 = [0,1,2,3,4,5,6,7,8,9,10,11,12,13,14,15,]
_127 = [-75.94294327,-75.93548201,-75.92958402,-75.92523036,-75.92232612,-75.92076292,-75.92043347,-75.92124389,-75.92310974,-75.92595066,-75.92968008,-75.93420056,-75.93938957,-75.94509024,-75.95110429,-75.95717839,]
_125.plot(_126, _127)
_128 = plt.figure()
_128.suptitle('')
_129 = _128.gca()
_130 = [5.235535833,5.281121151,5.31778773,5.347793534,5.372598545,5.393367078,5.41096064,5.426031084,5.4390808,5.450498483,5.460584221,5.469561797,5.477594452,5.484791653,5.491225028,5.496939281,5.50199853,5.506453382,]
_131 = [0.9773043011,0.8980922076,0.8286536117,0.7671882549,0.7123288827,0.6628364352,0.6176990937,0.576098396,0.5373885089,0.5010356965,0.4665949554,0.4336760541,0.4019321701,0.3710387551,0.3407210305,0.3106989414,0.2807392283,0.2506268321,]
_129.scatter(_130, _131, color='r')
_132 = plt.figure()
_132.suptitle('')
_133 = _132.gca()
_134 = [0,1,2,3,4,5,6,7,8,9,10,11,12,13,14,15,16,]
_135 = [-75.94294327,-75.93548201,-75.92958402,-75.92523036,-75.92232612,-75.92076292,-75.92043347,-75.92124389,-75.92310974,-75.92595066,-75.92968008,-75.93420056,-75.93938957,-75.94509024,-75.95110429,-75.95717839,-75.96299429,]
_133.plot(_134, _135)
_136 = plt.figure()
_136.suptitle('')
_137 = _136.gca()
_138 = [5.235535833,5.281121151,5.31778773,5.347793534,5.372598545,5.393367078,5.41096064,5.426031084,5.4390808,5.450498483,5.460584221,5.469561797,5.477594452,5.484791653,5.491225028,5.496939281,5.50199853,5.506453382,5.510382224,]
_139 = [0.9773043011,0.8980922076,0.8286536117,0.7671882549,0.7123288827,0.6628364352,0.6176990937,0.576098396,0.5373885089,0.5010356965,0.4665949554,0.4336760541,0.4019321701,0.3710387551,0.3407210305,0.3106989414,0.2807392283,0.2506268321,0.2202784731,]
_137.scatter(_138, _139, color='r')
_140 = plt.figure()
_140.suptitle('')
_141 = _140.gca()
_142 = [0,1,2,3,4,5,6,7,8,9,10,11,12,13,14,15,16,17,]
_143 = [-75.94294327,-75.93548201,-75.92958402,-75.92523036,-75.92232612,-75.92076292,-75.92043347,-75.92124389,-75.92310974,-75.92595066,-75.92968008,-75.93420056,-75.93938957,-75.94509024,-75.95110429,-75.95717839,-75.96299429,-75.96812967,]
_141.plot(_142, _143)
_144 = plt.figure()
_144.suptitle('')
_145 = _144.gca()
_146 = [5.235535833,5.281121151,5.31778773,5.347793534,5.372598545,5.393367078,5.41096064,5.426031084,5.4390808,5.450498483,5.460584221,5.469561797,5.477594452,5.484791653,5.491225028,5.496939281,5.50199853,5.506453382,5.510382224,5.513865101,]
_147 = [0.9773043011,0.8980922076,0.8286536117,0.7671882549,0.7123288827,0.6628364352,0.6176990937,0.576098396,0.5373885089,0.5010356965,0.4665949554,0.4336760541,0.4019321701,0.3710387551,0.3407210305,0.3106989414,0.2807392283,0.2506268321,0.2202784731,0.1897935865,]
_145.scatter(_146, _147, color='r')
_148 = plt.figure()
_148.suptitle('')
_149 = _148.gca()
_150 = [0,1,2,3,4,5,6,7,8,9,10,11,12,13,14,15,16,17,18,]
_151 = [-75.94294327,-75.93548201,-75.92958402,-75.92523036,-75.92232612,-75.92076292,-75.92043347,-75.92124389,-75.92310974,-75.92595066,-75.92968008,-75.93420056,-75.93938957,-75.94509024,-75.95110429,-75.95717839,-75.96299429,-75.96812967,-75.97201897,]
_149.plot(_150, _151)
_152 = plt.figure()
_152.suptitle('')
_153 = _152.gca()
_154 = [5.235535833,5.281121151,5.31778773,5.347793534,5.372598545,5.393367078,5.41096064,5.426031084,5.4390808,5.450498483,5.460584221,5.469561797,5.477594452,5.484791653,5.491225028,5.496939281,5.50199853,5.506453382,5.510382224,5.513865101,]
_155 = [0.9773043011,0.8980922076,0.8286536117,0.7671882549,0.7123288827,0.6628364352,0.6176990937,0.576098396,0.5373885089,0.5010356965,0.4665949554,0.4336760541,0.4019321701,0.3710387551,0.3407210305,0.3106989414,0.2807392283,0.2506268321,0.2202784731,0.1897935865,]
_153.scatter(_154, _155, color='r')
_156 = plt.figure()
_156.suptitle('')
_157 = _156.gca()
_158 = [0,1,2,3,4,5,6,7,8,9,10,11,12,13,14,15,16,17,18,19,20,21,22,23,24,25,]
_159 = [-75.95178381,-75.94294327,-75.93548201,-75.92958402,-75.92523036,-75.92232612,-75.92076292,-75.92043347,-75.92124389,-75.92310974,-75.92595066,-75.92968008,-75.93420056,-75.93938957,-75.94509024,-75.95110429,-75.95717839,-75.96299429,-75.96812967,-75.97201897,-75.97201897,-75.9724249,-75.97391677,-75.97396356,-75.97396482,-75.97396482,]
_157.plot(_158, _159)
