_0 = plt.figure()
_0.suptitle('')
_1 = _0.gca()
_2 = [0.0165950785,0.01401020839,0.01001416504,0.004553144683,-0.002298104258,-0.01021600535,-0.01820198846,-0.02138919167,-0.02113009371,-0.02066785523,-0.02011811577,-0.01977086396,-0.01997772346,-0.02036427183,-0.02087562283,-0.02138957847,-0.02163421436,-0.02175313329,-0.02183509705,-0.02190062377,-0.02196391822,-0.02203655376,-0.02206052653,-0.02210482971,-0.02216254752,-0.02221260493,]
_3 = [0.00100934963,0.002497954234,0.004676173953,0.007443292231,0.01062516466,0.01396138451,0.01700158848,0.01822838919,0.01833209954,0.01851633992,0.01874564251,0.01894600042,0.01897645284,0.01903528894,0.01911830012,0.01921252232,0.01927608134,0.01932866706,0.01938769085,0.01945543088,0.01953099218,0.01960896891,0.01961098693,0.01961496207,0.01962075472,0.01962694117,]
_1.plot(_2, _3, label='')_4 = [0.008564488094,0.01132638459,0.01533501002,0.0203608696,0.02601703088,0.03173398565,0.03663011194,0.03842044614,0.03845475911,0.03851229471,0.03858903314,0.03870975202,0.03884735709,0.03910557643,0.03945047339,0.03980552564,0.03999195328,0.04010304882,0.04020032831,0.04029531045,0.04039298424,0.04049304307,0.04050246271,0.04051980933,0.04054228323,0.04056162736,]
_5 = [-0.05119576284,-0.05159285366,-0.0519550219,-0.05200835452,-0.05138352217,-0.0496318796,-0.04648316309,-0.0442666447,-0.04359574117,-0.04231870309,-0.04058474217,-0.03902655773,-0.03900628281,-0.0389468558,-0.03881726171,-0.03859875744,-0.03837182655,-0.03812506721,-0.03781096258,-0.03742737876,-0.03698766131,-0.03653368494,-0.03654110848,-0.03655332408,-0.03656556154,-0.03656945246,]
_1.plot(_4, _5, label='')_6 = [0.02841352785,0.02963788854,0.03120308171,0.0327778433,0.03394532051,0.03427171924,0.03350165634,0.03292824114,0.03312109737,0.03344516908,0.03380129012,0.03403127431,0.03397912138,0.03388055619,0.03374872471,0.03361742616,0.03356416997,0.03355058896,0.03355414561,0.03356827716,0.03358696235,0.0336030336,0.03359715002,0.03358650375,0.03357321385,0.03356282792,]
_7 = [-0.03403419137,-0.03407791239,-0.03389659991,-0.03322025911,-0.03174741316,-0.02922520239,-0.02574793955,-0.02401554114,-0.02405913102,-0.02410119788,-0.02407140254,-0.02392320877,-0.02379104867,-0.02353786291,-0.02318905609,-0.02281689267,-0.02261448432,-0.02248947812,-0.02237550593,-0.02225898095,-0.02213355418,-0.02200047471,-0.02198996077,-0.02197040244,-0.02194462172,-0.02192175229,]
_1.plot(_6, _7, label='')_8 = plt.figure()
_8.suptitle('')
_9 = _8.gca()
_10 = [0.0165950785,0.01401020839,0.01001416504,0.004553144683,-0.002298104258,-0.01021600535,-0.01820198846,-0.02138919167,-0.02113009371,-0.02066785523,-0.02011811577,-0.01977086396,-0.01997772346,-0.02036427183,-0.02087562283,-0.02138957847,-0.02163421436,-0.02175313329,-0.02183509705,-0.02190062377,-0.02196391822,-0.02203655376,-0.02206052653,-0.02210482971,-0.02216254752,-0.02221260493,]
_11 = [0.00100934963,0.002497954234,0.004676173953,0.007443292231,0.01062516466,0.01396138451,0.01700158848,0.01822838919,0.01833209954,0.01851633992,0.01874564251,0.01894600042,0.01897645284,0.01903528894,0.01911830012,0.01921252232,0.01927608134,0.01932866706,0.01938769085,0.01945543088,0.01953099218,0.01960896891,0.01961098693,0.01961496207,0.01962075472,0.01962694117,]
_9.plot(_10, _11, label='')_12 = [0.0165950785,0.01401020839,0.01001416504,0.004553144683,-0.002298104258,-0.01021600535,-0.01820198846,-0.02138919167,-0.02113009371,-0.02066785523,-0.02011811577,-0.01977086396,-0.01997772346,-0.02036427183,-0.02087562283,-0.02138957847,-0.02163421436,-0.02175313329,-0.02183509705,-0.02190062377,-0.02196391822,-0.02203655376,-0.02206052653,-0.02210482971,-0.02216254752,-0.02221260493,]
_13 = [0.00100934963,0.002497954234,0.004676173953,0.007443292231,0.01062516466,0.01396138451,0.01700158848,0.01822838919,0.01833209954,0.01851633992,0.01874564251,0.01894600042,0.01897645284,0.01903528894,0.01911830012,0.01921252232,0.01927608134,0.01932866706,0.01938769085,0.01945543088,0.01953099218,0.01960896891,0.01961098693,0.01961496207,0.01962075472,0.01962694117,]
_9.scatter(_12, _13, color='r')
_14 = [0.008564488094,0.01132638459,0.01533501002,0.0203608696,0.02601703088,0.03173398565,0.03663011194,0.03842044614,0.03845475911,0.03851229471,0.03858903314,0.03870975202,0.03884735709,0.03910557643,0.03945047339,0.03980552564,0.03999195328,0.04010304882,0.04020032831,0.04029531045,0.04039298424,0.04049304307,0.04050246271,0.04051980933,0.04054228323,0.04056162736,]
_15 = [-0.05119576284,-0.05159285366,-0.0519550219,-0.05200835452,-0.05138352217,-0.0496318796,-0.04648316309,-0.0442666447,-0.04359574117,-0.04231870309,-0.04058474217,-0.03902655773,-0.03900628281,-0.0389468558,-0.03881726171,-0.03859875744,-0.03837182655,-0.03812506721,-0.03781096258,-0.03742737876,-0.03698766131,-0.03653368494,-0.03654110848,-0.03655332408,-0.03656556154,-0.03656945246,]
_9.plot(_14, _15, label='')_16 = [0.008564488094,0.01132638459,0.01533501002,0.0203608696,0.02601703088,0.03173398565,0.03663011194,0.03842044614,0.03845475911,0.03851229471,0.03858903314,0.03870975202,0.03884735709,0.03910557643,0.03945047339,0.03980552564,0.03999195328,0.04010304882,0.04020032831,0.04029531045,0.04039298424,0.04049304307,0.04050246271,0.04051980933,0.04054228323,0.04056162736,]
_17 = [-0.05119576284,-0.05159285366,-0.0519550219,-0.05200835452,-0.05138352217,-0.0496318796,-0.04648316309,-0.0442666447,-0.04359574117,-0.04231870309,-0.04058474217,-0.03902655773,-0.03900628281,-0.0389468558,-0.03881726171,-0.03859875744,-0.03837182655,-0.03812506721,-0.03781096258,-0.03742737876,-0.03698766131,-0.03653368494,-0.03654110848,-0.03655332408,-0.03656556154,-0.03656945246,]
_9.scatter(_16, _17, color='r')
_18 = [0.02841352785,0.02963788854,0.03120308171,0.0327778433,0.03394532051,0.03427171924,0.03350165634,0.03292824114,0.03312109737,0.03344516908,0.03380129012,0.03403127431,0.03397912138,0.03388055619,0.03374872471,0.03361742616,0.03356416997,0.03355058896,0.03355414561,0.03356827716,0.03358696235,0.0336030336,0.03359715002,0.03358650375,0.03357321385,0.03356282792,]
_19 = [-0.03403419137,-0.03407791239,-0.03389659991,-0.03322025911,-0.03174741316,-0.02922520239,-0.02574793955,-0.02401554114,-0.02405913102,-0.02410119788,-0.02407140254,-0.02392320877,-0.02379104867,-0.02353786291,-0.02318905609,-0.02281689267,-0.02261448432,-0.02248947812,-0.02237550593,-0.02225898095,-0.02213355418,-0.02200047471,-0.02198996077,-0.02197040244,-0.02194462172,-0.02192175229,]
_9.plot(_18, _19, label='')_20 = [0.02841352785,0.02963788854,0.03120308171,0.0327778433,0.03394532051,0.03427171924,0.03350165634,0.03292824114,0.03312109737,0.03344516908,0.03380129012,0.03403127431,0.03397912138,0.03388055619,0.03374872471,0.03361742616,0.03356416997,0.03355058896,0.03355414561,0.03356827716,0.03358696235,0.0336030336,0.03359715002,0.03358650375,0.03357321385,0.03356282792,]
_21 = [-0.03403419137,-0.03407791239,-0.03389659991,-0.03322025911,-0.03174741316,-0.02922520239,-0.02574793955,-0.02401554114,-0.02405913102,-0.02410119788,-0.02407140254,-0.02392320877,-0.02379104867,-0.02353786291,-0.02318905609,-0.02281689267,-0.02261448432,-0.02248947812,-0.02237550593,-0.02225898095,-0.02213355418,-0.02200047471,-0.02198996077,-0.02197040244,-0.02194462172,-0.02192175229,]
_9.scatter(_20, _21, color='r')
