_0 = plt.figure()
_0.suptitle('')
_1 = _0.gca()
_2 = [-0.03757698206,-0.03761840094,-0.03760856762,-0.03755202366,-0.03744905472,-0.03729929737,-0.03710224211,-0.03685740316,-0.03656428618,-0.03622215339,-0.03582968505,-0.03538475037,-0.03488458127,-0.03432671143,-0.03371111498,-0.03304400035,-0.03234364751,-0.03165204471,-0.03104161575,-0.03060405806,-0.03041398022,-0.03049576319,-0.03083311293,-0.03139602459,-0.03214857933,-0.03304299403,]
_3 = [0.0426820932,0.04275941204,0.04292530955,0.04318698628,0.04355117842,0.04402462467,0.04461364904,0.04532350759,0.04615784193,0.04711825628,0.04820371891,0.04940934853,0.05072426685,0.05212855259,0.05358987126,0.05506106216,0.05648064735,0.05777657715,0.05888269576,0.05976525551,0.06044177376,0.06096704646,0.06139437596,0.06174999836,0.06202987078,0.06220620895,]
_1.plot(_2, _3)
_4 = [0.04640856989,0.04641384694,0.04643465789,0.04647314032,0.04653251452,0.04661681626,0.04673074187,0.04687942055,0.04706810423,0.04730172271,0.04758419756,0.04791739593,0.04829967929,0.04872418188,0.04917725056,0.0496379339,0.05007989666,0.05047845582,0.05082267318,0.05112570617,0.05142079229,0.05174077229,0.05210140115,0.05249836747,0.05290862105,0.05329202976,]
_5 = [-0.02481592397,-0.02489106873,-0.02503015561,-0.02523942054,-0.02552388144,-0.02588859079,-0.02633849506,-0.02687803255,-0.02751077786,-0.02823914545,-0.02906392178,-0.02998327457,-0.03099094652,-0.03207355884,-0.03320732283,-0.03435496838,-0.03546428443,-0.0364683451,-0.03729600519,-0.03789409245,-0.03825011567,-0.03838936103,-0.0383432625,-0.03812478434,-0.03772650308,-0.03712963062,]
_1.plot(_4, _5)
_6 = [0.04255854263,0.04267655198,0.04290573041,0.04324854039,0.04370179348,0.04425774593,0.04490345191,0.04561989545,0.04638140093,0.04715527171,0.04790123128,0.04857024771,0.04910274396,0.04942690308,0.04945864211,0.04910577481,0.04827971289,0.04691956453,0.04503349871,0.0427329273,0.04020100806,0.03758271315,0.03491524449,0.03216271462,0.02927606403,0.0262263128,]
_7 = [-0.01289726828,-0.01283530576,-0.01278971431,-0.01275823025,-0.01274391337,-0.01275186886,-0.01278883477,-0.01286302182,-0.01298395762,-0.01316229885,-0.01340957179,-0.01373774568,-0.01415849296,-0.01468198323,-0.01531512009,-0.01605927799,-0.01690780551,-0.0178427422,-0.01883392034,-0.01984408106,-0.02084412249,-0.02183058692,-0.02282399065,-0.02384970146,-0.02492194871,-0.02603773718,]
_1.plot(_6, _7)
_8 = plt.figure()
_8.suptitle('')
_9 = _8.gca()
_10 = [-0.03757698206,-0.03761840094,-0.03760856762,-0.03755202366,-0.03744905472,-0.03729929737,-0.03710224211,-0.03685740316,-0.03656428618,-0.03622215339,-0.03582968505,-0.03538475037,-0.03488458127,-0.03432671143,-0.03371111498,-0.03304400035,-0.03234364751,-0.03165204471,-0.03104161575,-0.03060405806,-0.03041398022,-0.03049576319,-0.03083311293,-0.03139602459,-0.03214857933,-0.03304299403,]
_11 = [0.0426820932,0.04275941204,0.04292530955,0.04318698628,0.04355117842,0.04402462467,0.04461364904,0.04532350759,0.04615784193,0.04711825628,0.04820371891,0.04940934853,0.05072426685,0.05212855259,0.05358987126,0.05506106216,0.05648064735,0.05777657715,0.05888269576,0.05976525551,0.06044177376,0.06096704646,0.06139437596,0.06174999836,0.06202987078,0.06220620895,]
_9.plot(_10, _11)
_12 = [-0.03757698206,-0.03761840094,-0.03760856762,-0.03755202366,-0.03744905472,-0.03729929737,-0.03710224211,-0.03685740316,-0.03656428618,-0.03622215339,-0.03582968505,-0.03538475037,-0.03488458127,-0.03432671143,-0.03371111498,-0.03304400035,-0.03234364751,-0.03165204471,-0.03104161575,-0.03060405806,-0.03041398022,-0.03049576319,-0.03083311293,-0.03139602459,-0.03214857933,-0.03304299403,]
_13 = [0.0426820932,0.04275941204,0.04292530955,0.04318698628,0.04355117842,0.04402462467,0.04461364904,0.04532350759,0.04615784193,0.04711825628,0.04820371891,0.04940934853,0.05072426685,0.05212855259,0.05358987126,0.05506106216,0.05648064735,0.05777657715,0.05888269576,0.05976525551,0.06044177376,0.06096704646,0.06139437596,0.06174999836,0.06202987078,0.06220620895,]
_9.scatter(_12, _13, color='r')
_14 = [0.04640856989,0.04641384694,0.04643465789,0.04647314032,0.04653251452,0.04661681626,0.04673074187,0.04687942055,0.04706810423,0.04730172271,0.04758419756,0.04791739593,0.04829967929,0.04872418188,0.04917725056,0.0496379339,0.05007989666,0.05047845582,0.05082267318,0.05112570617,0.05142079229,0.05174077229,0.05210140115,0.05249836747,0.05290862105,0.05329202976,]
_15 = [-0.02481592397,-0.02489106873,-0.02503015561,-0.02523942054,-0.02552388144,-0.02588859079,-0.02633849506,-0.02687803255,-0.02751077786,-0.02823914545,-0.02906392178,-0.02998327457,-0.03099094652,-0.03207355884,-0.03320732283,-0.03435496838,-0.03546428443,-0.0364683451,-0.03729600519,-0.03789409245,-0.03825011567,-0.03838936103,-0.0383432625,-0.03812478434,-0.03772650308,-0.03712963062,]
_9.plot(_14, _15)
_16 = [0.04640856989,0.04641384694,0.04643465789,0.04647314032,0.04653251452,0.04661681626,0.04673074187,0.04687942055,0.04706810423,0.04730172271,0.04758419756,0.04791739593,0.04829967929,0.04872418188,0.04917725056,0.0496379339,0.05007989666,0.05047845582,0.05082267318,0.05112570617,0.05142079229,0.05174077229,0.05210140115,0.05249836747,0.05290862105,0.05329202976,]
_17 = [-0.02481592397,-0.02489106873,-0.02503015561,-0.02523942054,-0.02552388144,-0.02588859079,-0.02633849506,-0.02687803255,-0.02751077786,-0.02823914545,-0.02906392178,-0.02998327457,-0.03099094652,-0.03207355884,-0.03320732283,-0.03435496838,-0.03546428443,-0.0364683451,-0.03729600519,-0.03789409245,-0.03825011567,-0.03838936103,-0.0383432625,-0.03812478434,-0.03772650308,-0.03712963062,]
_9.scatter(_16, _17, color='r')
_18 = [0.04255854263,0.04267655198,0.04290573041,0.04324854039,0.04370179348,0.04425774593,0.04490345191,0.04561989545,0.04638140093,0.04715527171,0.04790123128,0.04857024771,0.04910274396,0.04942690308,0.04945864211,0.04910577481,0.04827971289,0.04691956453,0.04503349871,0.0427329273,0.04020100806,0.03758271315,0.03491524449,0.03216271462,0.02927606403,0.0262263128,]
_19 = [-0.01289726828,-0.01283530576,-0.01278971431,-0.01275823025,-0.01274391337,-0.01275186886,-0.01278883477,-0.01286302182,-0.01298395762,-0.01316229885,-0.01340957179,-0.01373774568,-0.01415849296,-0.01468198323,-0.01531512009,-0.01605927799,-0.01690780551,-0.0178427422,-0.01883392034,-0.01984408106,-0.02084412249,-0.02183058692,-0.02282399065,-0.02384970146,-0.02492194871,-0.02603773718,]
_9.plot(_18, _19)
_20 = [0.04255854263,0.04267655198,0.04290573041,0.04324854039,0.04370179348,0.04425774593,0.04490345191,0.04561989545,0.04638140093,0.04715527171,0.04790123128,0.04857024771,0.04910274396,0.04942690308,0.04945864211,0.04910577481,0.04827971289,0.04691956453,0.04503349871,0.0427329273,0.04020100806,0.03758271315,0.03491524449,0.03216271462,0.02927606403,0.0262263128,]
_21 = [-0.01289726828,-0.01283530576,-0.01278971431,-0.01275823025,-0.01274391337,-0.01275186886,-0.01278883477,-0.01286302182,-0.01298395762,-0.01316229885,-0.01340957179,-0.01373774568,-0.01415849296,-0.01468198323,-0.01531512009,-0.01605927799,-0.01690780551,-0.0178427422,-0.01883392034,-0.01984408106,-0.02084412249,-0.02183058692,-0.02282399065,-0.02384970146,-0.02492194871,-0.02603773718,]
_9.scatter(_20, _21, color='r')
